<?xml version="1.0" encoding="UTF-8"?>
<testsuite name="color.BlackColorTest" tests="2" skipped="0" failures="0" errors="0" timestamp="2018-09-03T03:56:37" hostname="Solomons-MacBook-Pro.local" time="0.002">
  <properties/>
  <testcase name="shouldNotReturnBlackWhenFlipped" classname="color.BlackColorTest" time="0.002"/>
  <testcase name="shouldReturnWhiteWhenFlipped" classname="color.BlackColorTest" time="0.0"/>
  <system-out><![CDATA[]]></system-out>
  <system-err><![CDATA[]]></system-err>
</testsuite>
