<?xml version="1.0" encoding="UTF-8"?>
<testsuite name="color.WhiteColorTest" tests="2" skipped="0" failures="0" errors="0" timestamp="2018-09-03T03:56:37" hostname="Solomons-MacBook-Pro.local" time="0.0">
  <properties/>
  <testcase name="shouldNotReturnWhiteWhenFlipped" classname="color.WhiteColorTest" time="0.0"/>
  <testcase name="shouldReturnBlackWhenFlipped" classname="color.WhiteColorTest" time="0.0"/>
  <system-out><![CDATA[]]></system-out>
  <system-err><![CDATA[]]></system-err>
</testsuite>
